00:12:33.829 skipping bootstrap configuration: could not find or read file: classpath:karate-config.js
00:12:34.572 [print] 2
00:12:34.573 [print] [
  {
    "name": "Hasan",
    "role": "admin",
    "age": "24"
  },
  {
    "name": "Mustafa",
    "role": "member",
    "age": "25"
  }
]

00:12:34.591 skipping bootstrap configuration: could not find or read file: classpath:karate-config.js
00:12:35.907 request:
1 > POST https://www.krafttechexlab.com/sw/api/v1/allusers/login
1 > Accept-Encoding: gzip,deflate
1 > Connection: Keep-Alive
1 > Content-Length: 46
1 > Content-Type: application/x-www-form-urlencoded; charset=UTF-8
1 > Host: www.krafttechexlab.com
1 > User-Agent: Apache-HttpClient/4.5.11 (Java/1.8.0_352)
email=thomas%40test.com&password=Test123456%21

00:12:36.677 response time in milliseconds: 767,16
1 < 200
1 < Access-Control-Allow-Methods: POST
1 < Access-Control-Allow-Origin: *
1 < Connection: Upgrade, Keep-Alive
1 < Content-Type: application/json; charset=UTF-8
1 < Date: Fri, 10 Feb 2023 21:13:14 GMT
1 < Keep-Alive: timeout=2, max=100
1 < Server: Apache/2
1 < Upgrade: h2,h2c
1 < Vary: Accept-Encoding,User-Agent
{"token":"eyJ0eXAiOiJKV1QiLCJhbGciOiJIUzUxMiJ9.eyJhdXQiOiJhRm0iLCJsaW5rIjoia3JhZnR0ZWNoZXhsYWIuY29tIiwidXNlcmlkIjoxMTEsInN0YXJ0IjoxNjc1OTQ0MzkwLCJlbmRzIjoxNjc2NTQ5MTkwfQ.FMvhfS3tHRYB81Y5UYlA_qWxRJqFS8AdsyjvN0CYQjhB6QjQAxkni1s0wiGEJeSrairNwN4an51KkOZpRW4uUA"}

00:12:36.679 [print] {
  "token": "eyJ0eXAiOiJKV1QiLCJhbGciOiJIUzUxMiJ9.eyJhdXQiOiJhRm0iLCJsaW5rIjoia3JhZnR0ZWNoZXhsYWIuY29tIiwidXNlcmlkIjoxMTEsInN0YXJ0IjoxNjc1OTQ0MzkwLCJlbmRzIjoxNjc2NTQ5MTkwfQ.FMvhfS3tHRYB81Y5UYlA_qWxRJqFS8AdsyjvN0CYQjhB6QjQAxkni1s0wiGEJeSrairNwN4an51KkOZpRW4uUA"
}

00:12:36.690 skipping bootstrap configuration: could not find or read file: classpath:karate-config.js
00:12:36.699 request:
1 > POST https://www.krafttechexlab.com/sw/api/v1/allusers/login
1 > Accept-Encoding: gzip,deflate
1 > Connection: Keep-Alive
1 > Content-Length: 43
1 > Content-Type: application/x-www-form-urlencoded; charset=UTF-8
1 > Host: www.krafttechexlab.com
1 > User-Agent: Apache-HttpClient/4.5.11 (Java/1.8.0_352)
email=user33%40test.com&password=Test123456

00:12:37.036 response time in milliseconds: 336,52
1 < 200
1 < Access-Control-Allow-Methods: POST
1 < Access-Control-Allow-Origin: *
1 < Connection: Upgrade, Keep-Alive
1 < Content-Type: application/json; charset=UTF-8
1 < Date: Fri, 10 Feb 2023 21:13:15 GMT
1 < Keep-Alive: timeout=2, max=100
1 < Server: Apache/2
1 < Upgrade: h2,h2c
1 < Vary: Accept-Encoding,User-Agent
{"token":"eyJ0eXAiOiJKV1QiLCJhbGciOiJIUzUxMiJ9.eyJhdXQiOiJhRm0iLCJsaW5rIjoia3JhZnR0ZWNoZXhsYWIuY29tIiwidXNlcmlkIjo4NSwic3RhcnQiOjE2NzU5NDQ1OTcsImVuZHMiOjE2NzY1NDkzOTd9.mFfECOkKaNCYiInOSOl9Xjfd3uUamMA-no-tUeEUlHzBQPI0be4xI7NXmGjpGIAFLGsxCznYVpzpzIMSuje3-w"}

00:12:37.041 [print] {
  "token": "eyJ0eXAiOiJKV1QiLCJhbGciOiJIUzUxMiJ9.eyJhdXQiOiJhRm0iLCJsaW5rIjoia3JhZnR0ZWNoZXhsYWIuY29tIiwidXNlcmlkIjo4NSwic3RhcnQiOjE2NzU5NDQ1OTcsImVuZHMiOjE2NzY1NDkzOTd9.mFfECOkKaNCYiInOSOl9Xjfd3uUamMA-no-tUeEUlHzBQPI0be4xI7NXmGjpGIAFLGsxCznYVpzpzIMSuje3-w"
}

00:12:37.056 skipping bootstrap configuration: could not find or read file: classpath:karate-config.js
00:12:37.068 request:
1 > GET https://www.krafttechexlab.com/sw/api/v1/allusers/getbyid/1
1 > Accept-Encoding: gzip,deflate
1 > Connection: Keep-Alive
1 > Host: www.krafttechexlab.com
1 > User-Agent: Apache-HttpClient/4.5.11 (Java/1.8.0_352)

00:12:37.286 response time in milliseconds: 213,48
1 < 200
1 < Access-Control-Allow-Methods: GET
1 < Access-Control-Allow-Origin: *
1 < Connection: Upgrade, Keep-Alive
1 < Content-Type: application/json; charset=UTF-8
1 < Date: Fri, 10 Feb 2023 21:13:15 GMT
1 < Keep-Alive: timeout=2, max=100
1 < Server: Apache/2
1 < Upgrade: h2,h2c
1 < Vary: Accept-Encoding,User-Agent
[{"id":1,"name":"MercanS","email":"afmercan@gmail.com","password":"$2y$10$VOqhVBmA5aPuEyd1z7YID.SV3\/9QIFQ.dSVTGIetNUbNQx2gMFEAK","about":"About","terms":"16","date":"2022-09-12 20:50:38","job":"Manual Tester","company":"Mrcn Software","website":"https:\/\/www.krafttechexlab.com\/","location":"Turkey","skills":["PHP","Java"],"github":"aFmGit","twitter":"aFmTwitter","facebook":"aFmFace","youtube":"aFmYoutube","linkedin":"aFmLinkedin","instagram":"aFmInstagram","avatar":"1","admin":"1","education":[{"id":44,"school":"School or Bootcamp","degree":"Degree","study":"Study","description":"Program Description","fromdate":"2000-12-02","todate":"2004-12-01","date":"2022-09-25 01:03:22"},{"id":120,"school":"School","degree":"Degree","study":"Study","description":"Description","fromdate":"2020-05-05","todate":"2020-05-05","date":"2023-01-08 23:01:24"},{"id":121,"school":"School","degree":"Degree","study":"Study","description":"Description","fromdate":"2020-05-05","todate":"2020-05-05","date":"2023-01-08 23:02:06"},{"id":122,"school":"School","degree":"Degree","study":"Study","description":"Description","fromdate":"2020-05-05","todate":"2020-05-05","date":"2023-01-08 23:02:51"}],"experience":[{"id":38,"job":"Junior Developer1","company":"Kraft Techex1","location":"USA2","description":"Description2","fromdate":"2019-01-01","todate":"2022-10-09","date":"2022-09-05 18:10:26"},{"id":56,"job":"Junior Developer1","company":"Kraft Techex","location":"USA","description":"Description","fromdate":"2020-01-10","todate":"2022-10-09","date":"2022-10-09 17:52:44"},{"id":189,"job":"Junior Developer","company":"Kraft Techex","location":"USA","description":"Description","fromdate":"2000-01-01","todate":"2023-01-21","date":"2023-01-08 17:46:07"}]}]

00:12:37.305 [print] [
  {
    "date": "2022-09-12 20:50:38",
    "youtube": "aFmYoutube",
    "website": "https://www.krafttechexlab.com/",
    "github": "aFmGit",
    "education": [
      {
        "date": "2022-09-25 01:03:22",
        "study": "Study",
        "todate": "2004-12-01",
        "school": "School or Bootcamp",
        "degree": "Degree",
        "description": "Program Description",
        "id": 44,
        "fromdate": "2000-12-02"
      },
      {
        "date": "2023-01-08 23:01:24",
        "study": "Study",
        "todate": "2020-05-05",
        "school": "School",
        "degree": "Degree",
        "description": "Description",
        "id": 120,
        "fromdate": "2020-05-05"
      },
      {
        "date": "2023-01-08 23:02:06",
        "study": "Study",
        "todate": "2020-05-05",
        "school": "School",
        "degree": "Degree",
        "description": "Description",
        "id": 121,
        "fromdate": "2020-05-05"
      },
      {
        "date": "2023-01-08 23:02:51",
        "study": "Study",
        "todate": "2020-05-05",
        "school": "School",
        "degree": "Degree",
        "description": "Description",
        "id": 122,
        "fromdate": "2020-05-05"
      }
    ],
    "facebook": "aFmFace",
    "about": "About",
    "admin": "1",
    "linkedin": "aFmLinkedin",
    "instagram": "aFmInstagram",
    "avatar": "1",
    "experience": [
      {
        "date": "2022-09-05 18:10:26",
        "todate": "2022-10-09",
        "description": "Description2",
        "company": "Kraft Techex1",
        "location": "USA2",
        "id": 38,
        "job": "Junior Developer1",
        "fromdate": "2019-01-01"
      },
      {
        "date": "2022-10-09 17:52:44",
        "todate": "2022-10-09",
        "description": "Description",
        "company": "Kraft Techex",
        "location": "USA",
        "id": 56,
        "job": "Junior Developer1",
        "fromdate": "2020-01-10"
      },
      {
        "date": "2023-01-08 17:46:07",
        "todate": "2023-01-21",
        "description": "Description",
        "company": "Kraft Techex",
        "location": "USA",
        "id": 189,
        "job": "Junior Developer",
        "fromdate": "2000-01-01"
      }
    ],
    "skills": [
      "PHP",
      "Java"
    ],
    "password": "$2y$10$VOqhVBmA5aPuEyd1z7YID.SV3/9QIFQ.dSVTGIetNUbNQx2gMFEAK",
    "twitter": "aFmTwitter",
    "terms": "16",
    "name": "MercanS",
    "company": "Mrcn Software",
    "location": "Turkey",
    "id": 1,
    "job": "Manual Tester",
    "email": "afmercan@gmail.com"
  }
]

00:12:37.333 skipping bootstrap configuration: could not find or read file: classpath:karate-config.js
00:12:37.593 request:
1 > GET https://www.krafttechexlab.com/sw/api/v1/allusers/getbyid/1
1 > Accept: application/json: charset=UTF-8
1 > Accept-Encoding: gzip,deflate
1 > Connection: Keep-Alive
1 > Host: www.krafttechexlab.com
1 > User-Agent: Apache-HttpClient/4.5.11 (Java/1.8.0_352)

00:12:37.805 response time in milliseconds: 211,75
1 < 200
1 < Access-Control-Allow-Methods: GET
1 < Access-Control-Allow-Origin: *
1 < Connection: Upgrade, Keep-Alive
1 < Content-Type: application/json; charset=UTF-8
1 < Date: Fri, 10 Feb 2023 21:13:16 GMT
1 < Keep-Alive: timeout=2, max=100
1 < Server: Apache/2
1 < Upgrade: h2,h2c
1 < Vary: Accept-Encoding,User-Agent
[{"id":1,"name":"MercanS","email":"afmercan@gmail.com","password":"$2y$10$VOqhVBmA5aPuEyd1z7YID.SV3\/9QIFQ.dSVTGIetNUbNQx2gMFEAK","about":"About","terms":"16","date":"2022-09-12 20:50:38","job":"Manual Tester","company":"Mrcn Software","website":"https:\/\/www.krafttechexlab.com\/","location":"Turkey","skills":["PHP","Java"],"github":"aFmGit","twitter":"aFmTwitter","facebook":"aFmFace","youtube":"aFmYoutube","linkedin":"aFmLinkedin","instagram":"aFmInstagram","avatar":"1","admin":"1","education":[{"id":44,"school":"School or Bootcamp","degree":"Degree","study":"Study","description":"Program Description","fromdate":"2000-12-02","todate":"2004-12-01","date":"2022-09-25 01:03:22"},{"id":120,"school":"School","degree":"Degree","study":"Study","description":"Description","fromdate":"2020-05-05","todate":"2020-05-05","date":"2023-01-08 23:01:24"},{"id":121,"school":"School","degree":"Degree","study":"Study","description":"Description","fromdate":"2020-05-05","todate":"2020-05-05","date":"2023-01-08 23:02:06"},{"id":122,"school":"School","degree":"Degree","study":"Study","description":"Description","fromdate":"2020-05-05","todate":"2020-05-05","date":"2023-01-08 23:02:51"}],"experience":[{"id":38,"job":"Junior Developer1","company":"Kraft Techex1","location":"USA2","description":"Description2","fromdate":"2019-01-01","todate":"2022-10-09","date":"2022-09-05 18:10:26"},{"id":56,"job":"Junior Developer1","company":"Kraft Techex","location":"USA","description":"Description","fromdate":"2020-01-10","todate":"2022-10-09","date":"2022-10-09 17:52:44"},{"id":189,"job":"Junior Developer","company":"Kraft Techex","location":"USA","description":"Description","fromdate":"2000-01-01","todate":"2023-01-21","date":"2023-01-08 17:46:07"}]}]

00:12:37.815 [print] [
  {
    "date": "2022-09-12 20:50:38",
    "youtube": "aFmYoutube",
    "website": "https://www.krafttechexlab.com/",
    "github": "aFmGit",
    "education": [
      {
        "date": "2022-09-25 01:03:22",
        "study": "Study",
        "todate": "2004-12-01",
        "school": "School or Bootcamp",
        "degree": "Degree",
        "description": "Program Description",
        "id": 44,
        "fromdate": "2000-12-02"
      },
      {
        "date": "2023-01-08 23:01:24",
        "study": "Study",
        "todate": "2020-05-05",
        "school": "School",
        "degree": "Degree",
        "description": "Description",
        "id": 120,
        "fromdate": "2020-05-05"
      },
      {
        "date": "2023-01-08 23:02:06",
        "study": "Study",
        "todate": "2020-05-05",
        "school": "School",
        "degree": "Degree",
        "description": "Description",
        "id": 121,
        "fromdate": "2020-05-05"
      },
      {
        "date": "2023-01-08 23:02:51",
        "study": "Study",
        "todate": "2020-05-05",
        "school": "School",
        "degree": "Degree",
        "description": "Description",
        "id": 122,
        "fromdate": "2020-05-05"
      }
    ],
    "facebook": "aFmFace",
    "about": "About",
    "admin": "1",
    "linkedin": "aFmLinkedin",
    "instagram": "aFmInstagram",
    "avatar": "1",
    "experience": [
      {
        "date": "2022-09-05 18:10:26",
        "todate": "2022-10-09",
        "description": "Description2",
        "company": "Kraft Techex1",
        "location": "USA2",
        "id": 38,
        "job": "Junior Developer1",
        "fromdate": "2019-01-01"
      },
      {
        "date": "2022-10-09 17:52:44",
        "todate": "2022-10-09",
        "description": "Description",
        "company": "Kraft Techex",
        "location": "USA",
        "id": 56,
        "job": "Junior Developer1",
        "fromdate": "2020-01-10"
      },
      {
        "date": "2023-01-08 17:46:07",
        "todate": "2023-01-21",
        "description": "Description",
        "company": "Kraft Techex",
        "location": "USA",
        "id": 189,
        "job": "Junior Developer",
        "fromdate": "2000-01-01"
      }
    ],
    "skills": [
      "PHP",
      "Java"
    ],
    "password": "$2y$10$VOqhVBmA5aPuEyd1z7YID.SV3/9QIFQ.dSVTGIetNUbNQx2gMFEAK",
    "twitter": "aFmTwitter",
    "terms": "16",
    "name": "MercanS",
    "company": "Mrcn Software",
    "location": "Turkey",
    "id": 1,
    "job": "Manual Tester",
    "email": "afmercan@gmail.com"
  }
]

00:12:37.855 skipping bootstrap configuration: could not find or read file: classpath:karate-config.js
00:12:37.925 skipping bootstrap configuration: could not find or read file: classpath:karate-config.js
00:12:37.932 request:
1 > POST https://www.krafttechexlab.com/sw/api/v1/allusers/login
1 > Accept-Encoding: gzip,deflate
1 > Connection: Keep-Alive
1 > Content-Length: 43
1 > Content-Type: application/x-www-form-urlencoded; charset=UTF-8
1 > Host: www.krafttechexlab.com
1 > User-Agent: Apache-HttpClient/4.5.11 (Java/1.8.0_352)
email=user55%40test.com&password=Test123456

00:12:38.189 response time in milliseconds: 254,87
1 < 200
1 < Access-Control-Allow-Methods: POST
1 < Access-Control-Allow-Origin: *
1 < Connection: Upgrade, Keep-Alive
1 < Content-Type: application/json; charset=UTF-8
1 < Date: Fri, 10 Feb 2023 21:13:16 GMT
1 < Keep-Alive: timeout=2, max=100
1 < Server: Apache/2
1 < Upgrade: h2,h2c
1 < Vary: Accept-Encoding,User-Agent
{"token":"eyJ0eXAiOiJKV1QiLCJhbGciOiJIUzUxMiJ9.eyJhdXQiOiJhRm0iLCJsaW5rIjoia3JhZnR0ZWNoZXhsYWIuY29tIiwidXNlcmlkIjo4Nywic3RhcnQiOjE2NzU5NDQ2MTcsImVuZHMiOjE2NzY1NDk0MTd9.0WeDScUNtf7xTmdGG6FolnL9ThAKHG6KIH1JNezVb5M-VsaTY93BoRpSrK8R2D0aMQsZhBi9EMLtWz5U-aYGDg"}

00:12:38.190 [print] {
  "token": "eyJ0eXAiOiJKV1QiLCJhbGciOiJIUzUxMiJ9.eyJhdXQiOiJhRm0iLCJsaW5rIjoia3JhZnR0ZWNoZXhsYWIuY29tIiwidXNlcmlkIjo4Nywic3RhcnQiOjE2NzU5NDQ2MTcsImVuZHMiOjE2NzY1NDk0MTd9.0WeDScUNtf7xTmdGG6FolnL9ThAKHG6KIH1JNezVb5M-VsaTY93BoRpSrK8R2D0aMQsZhBi9EMLtWz5U-aYGDg"
}

