00:12:33.829 skipping bootstrap configuration: could not find or read file: classpath:karate-config.js
00:12:33.975 skipping bootstrap configuration: could not find or read file: classpath:karate-config.js
00:12:33.986 [print] Hello Karate World
00:12:34.015 [print] another file print
00:12:34.043 [print] my name isHasan
00:12:34.057 skipping bootstrap configuration: could not find or read file: classpath:karate-config.js
00:12:34.130 [print] My name is Robert
00:12:34.155 [print] Robert is 19 years
00:12:34.160 [print] 10
00:12:34.179 skipping bootstrap configuration: could not find or read file: classpath:karate-config.js
00:12:34.430 [print] {
  "name": "Hasan",
  "role": "admin"
}

00:12:34.530 [print] Hasan
00:12:34.573 [print] admin
00:12:34.589 skipping bootstrap configuration: could not find or read file: classpath:karate-config.js
00:12:34.626 [print] {
  "name": "Hasan",
  "role": "admin",
  "age": "24"
}

00:12:34.716 [print] member
00:12:34.728 skipping bootstrap configuration: could not find or read file: classpath:karate-config.js
00:12:35.898 request:
1 > POST https://www.krafttechexlab.com/sw/api/v1/allusers/login
1 > Accept-Encoding: gzip,deflate
1 > Connection: Keep-Alive
1 > Content-Length: 43
1 > Content-Type: application/x-www-form-urlencoded; charset=UTF-8
1 > Host: www.krafttechexlab.com
1 > User-Agent: Apache-HttpClient/4.5.11 (Java/1.8.0_352)
email=user11%40test.com&password=Test123456

00:12:37.661 response time in milliseconds: 1761,08
1 < 200
1 < Access-Control-Allow-Methods: POST
1 < Access-Control-Allow-Origin: *
1 < Connection: Upgrade, Keep-Alive
1 < Content-Type: application/json; charset=UTF-8
1 < Date: Fri, 10 Feb 2023 21:13:14 GMT
1 < Keep-Alive: timeout=2, max=100
1 < Server: Apache/2
1 < Upgrade: h2,h2c
1 < Vary: Accept-Encoding,User-Agent
{"token":"eyJ0eXAiOiJKV1QiLCJhbGciOiJIUzUxMiJ9.eyJhdXQiOiJhRm0iLCJsaW5rIjoia3JhZnR0ZWNoZXhsYWIuY29tIiwidXNlcmlkIjo4Mywic3RhcnQiOjE2NzU5NDQ1NjQsImVuZHMiOjE2NzY1NDkzNjR9.9iJrIwPm4JNsGnDBBXRKxnFuZqcUzYajpzkZJSza5zjkRnBOgtidhVGF0JO6aVy8heK1ceSE31Am8XUgeMzQYg"}

00:12:37.662 [print] {
  "token": "eyJ0eXAiOiJKV1QiLCJhbGciOiJIUzUxMiJ9.eyJhdXQiOiJhRm0iLCJsaW5rIjoia3JhZnR0ZWNoZXhsYWIuY29tIiwidXNlcmlkIjo4Mywic3RhcnQiOjE2NzU5NDQ1NjQsImVuZHMiOjE2NzY1NDkzNjR9.9iJrIwPm4JNsGnDBBXRKxnFuZqcUzYajpzkZJSza5zjkRnBOgtidhVGF0JO6aVy8heK1ceSE31Am8XUgeMzQYg"
}

00:12:37.702 skipping bootstrap configuration: could not find or read file: classpath:karate-config.js
00:12:37.717 request:
1 > POST https://www.krafttechexlab.com/sw/api/v1/allusers/login
1 > Accept-Encoding: gzip,deflate
1 > Connection: Keep-Alive
1 > Content-Length: 43
1 > Content-Type: application/x-www-form-urlencoded; charset=UTF-8
1 > Host: www.krafttechexlab.com
1 > User-Agent: Apache-HttpClient/4.5.11 (Java/1.8.0_352)
email=user44%40test.com&password=Test123456

00:12:37.987 response time in milliseconds: 269,30
1 < 200
1 < Access-Control-Allow-Methods: POST
1 < Access-Control-Allow-Origin: *
1 < Connection: Upgrade, Keep-Alive
1 < Content-Type: application/json; charset=UTF-8
1 < Date: Fri, 10 Feb 2023 21:13:16 GMT
1 < Keep-Alive: timeout=2, max=100
1 < Server: Apache/2
1 < Upgrade: h2,h2c
1 < Vary: Accept-Encoding,User-Agent
{"token":"eyJ0eXAiOiJKV1QiLCJhbGciOiJIUzUxMiJ9.eyJhdXQiOiJhRm0iLCJsaW5rIjoia3JhZnR0ZWNoZXhsYWIuY29tIiwidXNlcmlkIjo4Niwic3RhcnQiOjE2NzU5NDQ2MDQsImVuZHMiOjE2NzY1NDk0MDR9.aB-yd42PCI48CRYRqqpMZhgNPV0YipLor1CAtRbOvFENzgiBUgDJPc0b2ISvvBckVmfyZWUyMnOtVZ0CZsU_qQ"}

00:12:37.988 [print] {
  "token": "eyJ0eXAiOiJKV1QiLCJhbGciOiJIUzUxMiJ9.eyJhdXQiOiJhRm0iLCJsaW5rIjoia3JhZnR0ZWNoZXhsYWIuY29tIiwidXNlcmlkIjo4Niwic3RhcnQiOjE2NzU5NDQ2MDQsImVuZHMiOjE2NzY1NDk0MDR9.aB-yd42PCI48CRYRqqpMZhgNPV0YipLor1CAtRbOvFENzgiBUgDJPc0b2ISvvBckVmfyZWUyMnOtVZ0CZsU_qQ"
}

